2018-12-13 13:57:03.432 [main] DEBUG cn.yang.o2o.dao.ShopDao.queryShopList - ==>  Preparing: select s.shop_id, s.shop_name, s.shop_desc, s.shop_addr, s.phone, s.shop_img, s.priority, s.create_time, s.last_edit_time, s.enable_status, s.advice, a.area_id, a.area_name, sc.shop_category_id, sc.shop_category_name from tb_shop s,tb_area a,tb_shop_category sc WHERE s.shop_name like '%3%' and s.area_id = a.area_id and s.shop_category_id = sc.shop_category_id order by s.priority desc limit ?,?; 
2018-12-13 13:57:03.471 [main] DEBUG cn.yang.o2o.dao.ShopDao.queryShopList - ==> Parameters: 0(Integer), 0(Integer)
2018-12-13 13:57:03.503 [main] DEBUG cn.yang.o2o.dao.ShopDao.queryShopList - <==      Total: 0
2018-12-13 14:02:22.103 [main] DEBUG cn.yang.o2o.dao.ShopDao.queryShopList - ==>  Preparing: select s.shop_id, s.shop_name, s.shop_desc, s.shop_addr, s.phone, s.shop_img, s.priority, s.create_time, s.last_edit_time, s.enable_status, s.advice, a.area_id, a.area_name, sc.shop_category_id, sc.shop_category_name from tb_shop s,tb_area a,tb_shop_category sc WHERE s.shop_name like '%3%' and s.area_id = a.area_id and s.shop_category_id = sc.shop_category_id order by s.priority desc limit ?,?; 
2018-12-13 14:02:22.142 [main] DEBUG cn.yang.o2o.dao.ShopDao.queryShopList - ==> Parameters: 0(Integer), 3(Integer)
2018-12-13 14:02:22.173 [main] DEBUG cn.yang.o2o.dao.ShopDao.queryShopList - <==      Total: 1
2018-12-13 14:04:04.602 [main] DEBUG cn.yang.o2o.dao.ShopDao.queryShopList - ==>  Preparing: select s.shop_id, s.shop_name, s.shop_desc, s.shop_addr, s.phone, s.shop_img, s.priority, s.create_time, s.last_edit_time, s.enable_status, s.advice, a.area_id, a.area_name, sc.shop_category_id, sc.shop_category_name from tb_shop s,tb_area a,tb_shop_category sc WHERE s.shop_category_id = ? and s.shop_name like '%3%' and s.area_id = a.area_id and s.shop_category_id = sc.shop_category_id order by s.priority desc limit ?,?; 
2018-12-13 14:04:04.650 [main] DEBUG cn.yang.o2o.dao.ShopDao.queryShopList - ==> Parameters: 2(Long), 0(Integer), 3(Integer)
2018-12-13 14:04:04.679 [main] DEBUG cn.yang.o2o.dao.ShopDao.queryShopList - <==      Total: 0
2018-12-13 14:04:23.117 [main] DEBUG cn.yang.o2o.dao.ShopDao.queryShopList - ==>  Preparing: select s.shop_id, s.shop_name, s.shop_desc, s.shop_addr, s.phone, s.shop_img, s.priority, s.create_time, s.last_edit_time, s.enable_status, s.advice, a.area_id, a.area_name, sc.shop_category_id, sc.shop_category_name from tb_shop s,tb_area a,tb_shop_category sc WHERE s.shop_category_id = ? and s.area_id = a.area_id and s.shop_category_id = sc.shop_category_id order by s.priority desc limit ?,?; 
2018-12-13 14:04:23.152 [main] DEBUG cn.yang.o2o.dao.ShopDao.queryShopList - ==> Parameters: 2(Long), 0(Integer), 3(Integer)
2018-12-13 14:04:23.187 [main] DEBUG cn.yang.o2o.dao.ShopDao.queryShopList - <==      Total: 2
2018-12-13 14:09:04.471 [main] DEBUG cn.yang.o2o.dao.ShopDao.queryShopList - ==>  Preparing: select s.shop_id, s.shop_name, s.shop_desc, s.shop_addr, s.phone, s.shop_img, s.priority, s.create_time, s.last_edit_time, s.enable_status, s.advice, a.area_id, a.area_name, sc.shop_category_id, sc.shop_category_name from tb_shop s,tb_area a,tb_shop_category sc WHERE s.area_id = ? and s.area_id = a.area_id and s.shop_category_id = sc.shop_category_id order by s.priority desc limit ?,?; 
2018-12-13 14:09:04.506 [main] DEBUG cn.yang.o2o.dao.ShopDao.queryShopList - ==> Parameters: 2(Integer), 0(Integer), 3(Integer)
2018-12-13 14:09:04.538 [main] DEBUG cn.yang.o2o.dao.ShopDao.queryShopList - <==      Total: 3
2018-12-13 14:09:19.937 [main] DEBUG cn.yang.o2o.dao.ShopDao.queryShopList - ==>  Preparing: select s.shop_id, s.shop_name, s.shop_desc, s.shop_addr, s.phone, s.shop_img, s.priority, s.create_time, s.last_edit_time, s.enable_status, s.advice, a.area_id, a.area_name, sc.shop_category_id, sc.shop_category_name from tb_shop s,tb_area a,tb_shop_category sc WHERE s.area_id = ? and s.area_id = a.area_id and s.shop_category_id = sc.shop_category_id order by s.priority desc limit ?,?; 
2018-12-13 14:09:19.975 [main] DEBUG cn.yang.o2o.dao.ShopDao.queryShopList - ==> Parameters: 2(Integer), 0(Integer), 10(Integer)
2018-12-13 14:09:20.009 [main] DEBUG cn.yang.o2o.dao.ShopDao.queryShopList - <==      Total: 4
2018-12-13 14:10:36.782 [main] DEBUG cn.yang.o2o.dao.ShopDao.queryShopList - ==>  Preparing: select s.shop_id, s.shop_name, s.shop_desc, s.shop_addr, s.phone, s.shop_img, s.priority, s.create_time, s.last_edit_time, s.enable_status, s.advice, a.area_id, a.area_name, sc.shop_category_id, sc.shop_category_name from tb_shop s,tb_area a,tb_shop_category sc WHERE s.owner_id = ? and s.area_id = a.area_id and s.shop_category_id = sc.shop_category_id order by s.priority desc limit ?,?; 
2018-12-13 14:10:36.828 [main] DEBUG cn.yang.o2o.dao.ShopDao.queryShopList - ==> Parameters: 1(Long), 0(Integer), 10(Integer)
2018-12-13 14:10:36.862 [main] DEBUG cn.yang.o2o.dao.ShopDao.queryShopList - <==      Total: 5
2018-12-13 14:10:48.582 [main] DEBUG cn.yang.o2o.dao.ShopDao.queryShopList - ==>  Preparing: select s.shop_id, s.shop_name, s.shop_desc, s.shop_addr, s.phone, s.shop_img, s.priority, s.create_time, s.last_edit_time, s.enable_status, s.advice, a.area_id, a.area_name, sc.shop_category_id, sc.shop_category_name from tb_shop s,tb_area a,tb_shop_category sc WHERE s.owner_id = ? and s.area_id = a.area_id and s.shop_category_id = sc.shop_category_id order by s.priority desc limit ?,?; 
2018-12-13 14:10:48.623 [main] DEBUG cn.yang.o2o.dao.ShopDao.queryShopList - ==> Parameters: 2(Long), 0(Integer), 10(Integer)
2018-12-13 14:10:48.653 [main] DEBUG cn.yang.o2o.dao.ShopDao.queryShopList - <==      Total: 0
2018-12-13 14:11:43.218 [main] DEBUG cn.yang.o2o.dao.ShopDao.queryShopList - ==>  Preparing: select s.shop_id, s.shop_name, s.shop_desc, s.shop_addr, s.phone, s.shop_img, s.priority, s.create_time, s.last_edit_time, s.enable_status, s.advice, a.area_id, a.area_name, sc.shop_category_id, sc.shop_category_name from tb_shop s,tb_area a,tb_shop_category sc WHERE s.enable_status = ? and s.area_id = a.area_id and s.shop_category_id = sc.shop_category_id order by s.priority desc limit ?,?; 
2018-12-13 14:11:43.254 [main] DEBUG cn.yang.o2o.dao.ShopDao.queryShopList - ==> Parameters: 0(Integer), 0(Integer), 10(Integer)
2018-12-13 14:11:43.288 [main] DEBUG cn.yang.o2o.dao.ShopDao.queryShopList - <==      Total: 5
2018-12-13 14:11:52.611 [main] DEBUG cn.yang.o2o.dao.ShopDao.queryShopList - ==>  Preparing: select s.shop_id, s.shop_name, s.shop_desc, s.shop_addr, s.phone, s.shop_img, s.priority, s.create_time, s.last_edit_time, s.enable_status, s.advice, a.area_id, a.area_name, sc.shop_category_id, sc.shop_category_name from tb_shop s,tb_area a,tb_shop_category sc WHERE s.area_id = a.area_id and s.shop_category_id = sc.shop_category_id order by s.priority desc limit ?,?; 
2018-12-13 14:11:52.651 [main] DEBUG cn.yang.o2o.dao.ShopDao.queryShopList - ==> Parameters: 0(Integer), 10(Integer)
2018-12-13 14:11:52.685 [main] DEBUG cn.yang.o2o.dao.ShopDao.queryShopList - <==      Total: 5
2018-12-13 14:13:49.223 [main] DEBUG cn.yang.o2o.dao.ShopDao.queryShopList - ==>  Preparing: select s.shop_id, s.shop_name, s.shop_desc, s.shop_addr, s.phone, s.shop_img, s.priority, s.create_time, s.last_edit_time, s.enable_status, s.advice, a.area_id, a.area_name, sc.shop_category_id, sc.shop_category_name from tb_shop s,tb_area a,tb_shop_category sc WHERE s.shop_category_id = ? and s.area_id = a.area_id and s.shop_category_id = sc.shop_category_id order by s.priority desc limit ?,?; 
2018-12-13 14:13:49.258 [main] DEBUG cn.yang.o2o.dao.ShopDao.queryShopList - ==> Parameters: 2(Long), 0(Integer), 10(Integer)
2018-12-13 14:13:49.291 [main] DEBUG cn.yang.o2o.dao.ShopDao.queryShopList - <==      Total: 2
2018-12-13 14:13:49.299 [main] DEBUG cn.yang.o2o.dao.ShopDao.queryShopCount - ==>  Preparing: select count(1) from tb_shop s, tb_area a, tb_shop_category sc WHERE s.shop_category_id = ? and s.area_id = a.area_id s.shop_category_id = sc.shop_category_id 
2018-12-13 14:13:49.299 [main] DEBUG cn.yang.o2o.dao.ShopDao.queryShopCount - ==> Parameters: 2(Long)
2018-12-13 14:19:06.609 [main] DEBUG cn.yang.o2o.dao.ShopDao.queryShopList - ==>  Preparing: select s.shop_id, s.shop_name, s.shop_desc, s.shop_addr, s.phone, s.shop_img, s.priority, s.create_time, s.last_edit_time, s.enable_status, s.advice, a.area_id, a.area_name, sc.shop_category_id, sc.shop_category_name from tb_shop s,tb_area a,tb_shop_category sc WHERE s.shop_category_id = ? and s.area_id = a.area_id and s.shop_category_id = sc.shop_category_id order by s.priority desc limit ?,?; 
2018-12-13 14:19:06.650 [main] DEBUG cn.yang.o2o.dao.ShopDao.queryShopList - ==> Parameters: 2(Long), 0(Integer), 10(Integer)
2018-12-13 14:19:06.681 [main] DEBUG cn.yang.o2o.dao.ShopDao.queryShopList - <==      Total: 2
2018-12-13 14:19:06.689 [main] DEBUG cn.yang.o2o.dao.ShopDao.queryShopCount - ==>  Preparing: select count(1) from tb_shop s, tb_area a, tb_shop_category sc WHERE s.shop_category_id = ? and s.area_id = a.area_id and s.shop_category_id = sc.shop_category_id 
2018-12-13 14:19:06.690 [main] DEBUG cn.yang.o2o.dao.ShopDao.queryShopCount - ==> Parameters: 2(Long)
2018-12-13 14:19:06.712 [main] DEBUG cn.yang.o2o.dao.ShopDao.queryShopCount - <==      Total: 1
2018-12-13 14:23:04.552 [main] DEBUG cn.yang.o2o.dao.ShopDao.queryShopList - ==>  Preparing: select s.shop_id, s.shop_name, s.shop_desc, s.shop_addr, s.phone, s.shop_img, s.priority, s.create_time, s.last_edit_time, s.enable_status, s.advice, a.area_id, a.area_name, sc.shop_category_id, sc.shop_category_name from tb_shop s,tb_area a,tb_shop_category sc WHERE s.shop_category_id = ? and s.area_id = a.area_id and s.shop_category_id = sc.shop_category_id order by s.priority desc limit ?,?; 
2018-12-13 14:23:04.594 [main] DEBUG cn.yang.o2o.dao.ShopDao.queryShopList - ==> Parameters: 2(Long), 0(Integer), 10(Integer)
2018-12-13 14:23:04.632 [main] DEBUG cn.yang.o2o.dao.ShopDao.queryShopList - <==      Total: 2
2018-12-13 14:23:04.642 [main] DEBUG cn.yang.o2o.dao.ShopDao.queryShopCount - ==>  Preparing: select count(1) from tb_shop s, tb_area a, tb_shop_category sc WHERE s.area_id = a.area_id and s.shop_category_id = sc.shop_category_id 
2018-12-13 14:23:04.642 [main] DEBUG cn.yang.o2o.dao.ShopDao.queryShopCount - ==> Parameters: 
2018-12-13 14:23:04.644 [main] DEBUG cn.yang.o2o.dao.ShopDao.queryShopCount - <==      Total: 1
2018-12-13 15:42:35.173 [main] DEBUG cn.yang.o2o.dao.ShopCategoryDao.queryShopCategory - ==>  Preparing: select shop_category_id, shop_category_name, shop_category_desc, shop_category_img, priority, create_time, last_edit_time, parent_id from tb_shop_category WHERE parent_id is not null order by priority desc 
2018-12-13 15:42:35.208 [main] DEBUG cn.yang.o2o.dao.ShopCategoryDao.queryShopCategory - ==> Parameters: 
2018-12-13 15:42:35.244 [main] DEBUG cn.yang.o2o.dao.ShopCategoryDao.queryShopCategory - <==      Total: 1
2018-12-13 16:34:20.227 [main] DEBUG cn.yang.o2o.dao.ShopDao.queryShopList - ==>  Preparing: select s.shop_id, s.shop_name, s.shop_desc, s.shop_addr, s.phone, s.shop_img, s.priority, s.create_time, s.last_edit_time, s.enable_status, s.advice, a.area_id, a.area_name, sc.shop_category_id, sc.shop_category_name from tb_shop s,tb_area a,tb_shop_category sc WHERE s.shop_category_id = ? and s.area_id = a.area_id and s.shop_category_id = sc.shop_category_id order by s.priority desc limit ?,?; 
2018-12-13 16:34:20.258 [main] DEBUG cn.yang.o2o.dao.ShopDao.queryShopList - ==> Parameters: 4(Long), 0(Integer), 2(Integer)
2018-12-13 16:34:20.290 [main] DEBUG cn.yang.o2o.dao.ShopDao.queryShopList - <==      Total: 2
2018-12-13 16:34:20.305 [main] DEBUG cn.yang.o2o.dao.ShopDao.queryShopCount - ==>  Preparing: select count(1) from tb_shop s, tb_area a, tb_shop_category sc WHERE s.shop_category_id = ? and s.area_id = a.area_id and s.shop_category_id = sc.shop_category_id 
2018-12-13 16:34:20.305 [main] DEBUG cn.yang.o2o.dao.ShopDao.queryShopCount - ==> Parameters: 4(Long)
2018-12-13 16:34:20.305 [main] DEBUG cn.yang.o2o.dao.ShopDao.queryShopCount - <==      Total: 1
2018-12-13 16:34:46.521 [main] DEBUG cn.yang.o2o.dao.ShopDao.queryShopList - ==>  Preparing: select s.shop_id, s.shop_name, s.shop_desc, s.shop_addr, s.phone, s.shop_img, s.priority, s.create_time, s.last_edit_time, s.enable_status, s.advice, a.area_id, a.area_name, sc.shop_category_id, sc.shop_category_name from tb_shop s,tb_area a,tb_shop_category sc WHERE s.shop_category_id = ? and s.area_id = a.area_id and s.shop_category_id = sc.shop_category_id order by s.priority desc limit ?,?; 
2018-12-13 16:34:46.552 [main] DEBUG cn.yang.o2o.dao.ShopDao.queryShopList - ==> Parameters: 4(Long), 0(Integer), 2(Integer)
2018-12-13 16:34:46.584 [main] DEBUG cn.yang.o2o.dao.ShopDao.queryShopList - <==      Total: 2
2018-12-13 16:34:46.584 [main] DEBUG cn.yang.o2o.dao.ShopDao.queryShopCount - ==>  Preparing: select count(1) from tb_shop s, tb_area a, tb_shop_category sc WHERE s.shop_category_id = ? and s.area_id = a.area_id and s.shop_category_id = sc.shop_category_id 
2018-12-13 16:34:46.584 [main] DEBUG cn.yang.o2o.dao.ShopDao.queryShopCount - ==> Parameters: 4(Long)
2018-12-13 16:34:46.599 [main] DEBUG cn.yang.o2o.dao.ShopDao.queryShopCount - <==      Total: 1
2018-12-13 16:35:58.773 [main] DEBUG cn.yang.o2o.dao.ShopDao.queryShopList - ==>  Preparing: select s.shop_id, s.shop_name, s.shop_desc, s.shop_addr, s.phone, s.shop_img, s.priority, s.create_time, s.last_edit_time, s.enable_status, s.advice, a.area_id, a.area_name, sc.shop_category_id, sc.shop_category_name from tb_shop s,tb_area a,tb_shop_category sc WHERE s.shop_category_id = ? and s.area_id = a.area_id and s.shop_category_id = sc.shop_category_id order by s.priority desc limit ?,?; 
2018-12-13 16:35:58.820 [main] DEBUG cn.yang.o2o.dao.ShopDao.queryShopList - ==> Parameters: 4(Long), 2(Integer), 2(Integer)
2018-12-13 16:35:58.851 [main] DEBUG cn.yang.o2o.dao.ShopDao.queryShopList - <==      Total: 1
2018-12-13 16:35:58.851 [main] DEBUG cn.yang.o2o.dao.ShopDao.queryShopCount - ==>  Preparing: select count(1) from tb_shop s, tb_area a, tb_shop_category sc WHERE s.shop_category_id = ? and s.area_id = a.area_id and s.shop_category_id = sc.shop_category_id 
2018-12-13 16:35:58.851 [main] DEBUG cn.yang.o2o.dao.ShopDao.queryShopCount - ==> Parameters: 4(Long)
2018-12-13 16:35:58.866 [main] DEBUG cn.yang.o2o.dao.ShopDao.queryShopCount - <==      Total: 1
2018-12-13 16:37:13.554 [main] DEBUG cn.yang.o2o.dao.ShopDao.queryShopList - ==>  Preparing: select s.shop_id, s.shop_name, s.shop_desc, s.shop_addr, s.phone, s.shop_img, s.priority, s.create_time, s.last_edit_time, s.enable_status, s.advice, a.area_id, a.area_name, sc.shop_category_id, sc.shop_category_name from tb_shop s,tb_area a,tb_shop_category sc WHERE s.shop_category_id = ? and s.area_id = a.area_id and s.shop_category_id = sc.shop_category_id order by s.priority desc limit ?,?; 
2018-12-13 16:37:13.600 [main] DEBUG cn.yang.o2o.dao.ShopDao.queryShopList - ==> Parameters: 3(Long), 2(Integer), 2(Integer)
2018-12-13 16:37:13.616 [main] DEBUG cn.yang.o2o.dao.ShopDao.queryShopList - <==      Total: 0
2018-12-13 16:37:13.632 [main] DEBUG cn.yang.o2o.dao.ShopDao.queryShopCount - ==>  Preparing: select count(1) from tb_shop s, tb_area a, tb_shop_category sc WHERE s.shop_category_id = ? and s.area_id = a.area_id and s.shop_category_id = sc.shop_category_id 
2018-12-13 16:37:13.632 [main] DEBUG cn.yang.o2o.dao.ShopDao.queryShopCount - ==> Parameters: 3(Long)
2018-12-13 16:37:13.632 [main] DEBUG cn.yang.o2o.dao.ShopDao.queryShopCount - <==      Total: 1
2018-12-13 16:37:25.705 [main] DEBUG cn.yang.o2o.dao.ShopDao.queryShopList - ==>  Preparing: select s.shop_id, s.shop_name, s.shop_desc, s.shop_addr, s.phone, s.shop_img, s.priority, s.create_time, s.last_edit_time, s.enable_status, s.advice, a.area_id, a.area_name, sc.shop_category_id, sc.shop_category_name from tb_shop s,tb_area a,tb_shop_category sc WHERE s.shop_category_id = ? and s.area_id = a.area_id and s.shop_category_id = sc.shop_category_id order by s.priority desc limit ?,?; 
2018-12-13 16:37:25.752 [main] DEBUG cn.yang.o2o.dao.ShopDao.queryShopList - ==> Parameters: 3(Long), 0(Integer), 2(Integer)
2018-12-13 16:37:25.768 [main] DEBUG cn.yang.o2o.dao.ShopDao.queryShopList - <==      Total: 1
2018-12-13 16:37:25.783 [main] DEBUG cn.yang.o2o.dao.ShopDao.queryShopCount - ==>  Preparing: select count(1) from tb_shop s, tb_area a, tb_shop_category sc WHERE s.shop_category_id = ? and s.area_id = a.area_id and s.shop_category_id = sc.shop_category_id 
2018-12-13 16:37:25.783 [main] DEBUG cn.yang.o2o.dao.ShopDao.queryShopCount - ==> Parameters: 3(Long)
2018-12-13 16:37:25.783 [main] DEBUG cn.yang.o2o.dao.ShopDao.queryShopCount - <==      Total: 1
2018-12-13 16:37:38.889 [main] DEBUG cn.yang.o2o.dao.ShopDao.queryShopList - ==>  Preparing: select s.shop_id, s.shop_name, s.shop_desc, s.shop_addr, s.phone, s.shop_img, s.priority, s.create_time, s.last_edit_time, s.enable_status, s.advice, a.area_id, a.area_name, sc.shop_category_id, sc.shop_category_name from tb_shop s,tb_area a,tb_shop_category sc WHERE s.shop_category_id = ? and s.area_id = a.area_id and s.shop_category_id = sc.shop_category_id order by s.priority desc limit ?,?; 
2018-12-13 16:37:38.920 [main] DEBUG cn.yang.o2o.dao.ShopDao.queryShopList - ==> Parameters: 3(Long), 0(Integer), 2(Integer)
2018-12-13 16:37:38.952 [main] DEBUG cn.yang.o2o.dao.ShopDao.queryShopList - <==      Total: 1
2018-12-13 16:37:38.967 [main] DEBUG cn.yang.o2o.dao.ShopDao.queryShopCount - ==>  Preparing: select count(1) from tb_shop s, tb_area a, tb_shop_category sc WHERE s.shop_category_id = ? and s.area_id = a.area_id and s.shop_category_id = sc.shop_category_id 
2018-12-13 16:37:38.967 [main] DEBUG cn.yang.o2o.dao.ShopDao.queryShopCount - ==> Parameters: 3(Long)
2018-12-13 16:37:38.967 [main] DEBUG cn.yang.o2o.dao.ShopDao.queryShopCount - <==      Total: 1
